app/build/outputs/mapping/release/seeds.txt
net.zygotelabs.locker.MainFragment
net.zygotelabs.locker.dialogs.DisableLockProtectionDialog
net.zygotelabs.locker.dialogs.EnableLockProtectionDialog
net.zygotelabs.locker.DeviceAdmin
net.zygotelabs.locker.MainActivity
net.zygotelabs.locker.MainActivity: void enableProtection(android.view.View)
net.zygotelabs.locker.DeviceAdmin: DeviceAdmin()
net.zygotelabs.locker.dialogs.DisableLockProtectionDialog: DisableLockProtectionDialog()
net.zygotelabs.locker.MainActivity: void onSafeModeCheckboxChecked(android.view.View)
net.zygotelabs.locker.MainActivity: void onCheckboxClicked(android.view.View)
net.zygotelabs.locker.MainActivity: MainActivity()
net.zygotelabs.locker.dialogs.EnableLockProtectionDialog: EnableLockProtectionDialog()
net.zygotelabs.locker.MainFragment: MainFragment()
...
androidx.appcompat.resources.Compatibility$Api21Impl: android.graphics.drawable.Drawable createFromXmlInner(android.content.res.Resources,org.xmlpull.v1.XmlPullParser,android.util.AttributeSet,android.content.res.Resources$Theme)
androidx.appcompat.widget.ActionBarOverlayLayout: void setActionBarHideOffset(int)
com.google.android.material.checkbox.MaterialCheckBox: void setStateDescription(java.lang.CharSequence)
com.google.android.material.textfield.TextInputLayout: void setPlaceholderTextEnabled(boolean)
com.google.android.material.floatingactionbutton.FloatingActionButton: void setCustomSize(int)
com.google.android.material.textfield.MaterialAutoCompleteTextView: float getPopupElevation()
androidx.appcompat.widget.AppCompatButton: int getAutoSizeMinTextSize()
androidx.appcompat.widget.AppCompatCheckedTextView: android.graphics.PorterDuff$Mode getSupportCheckMarkTintMode()
androidx.constraintlayout.widget.ConstraintLayout: int getOptimizationLevel()
androidx.transition.FragmentTransitionSupport: FragmentTransitionSupport()
com.google.android.material.search.SearchBar: void setElevation(float)
androidx.core.view.ViewCompat$Api17Impl: void setLabelFor(android.view.View,int)
com.google.android.material.chip.Chip: android.content.res.ColorStateList getChipBackgroundColor()
com.google.android.material.shape.MaterialShapeDrawable: MaterialShapeDrawable()
androidx.core.view.ViewParentCompat$Api21Impl: boolean onNestedFling(android.view.ViewParent,android.view.View,float,float,boolean)
androidx.core.app.NotificationCompatBuilder$Api31Impl: android.app.Notification$Builder setForegroundServiceBehavior(android.app.Notification$Builder,int)
com.google.android.material.appbar.MaterialToolbar: void setSubtitleCentered(boolean)
androidx.appcompat.widget.SwitchCompat: void setSwitchTypeface(android.graphics.Typeface)
androidx.core.view.WindowInsetsCompat$BuilderImpl20: WindowInsetsCompat$BuilderImpl20()
androidx.recyclerview.widget.RecyclerView$LayoutManager: RecyclerView$LayoutManager()
com.google.android.material.chip.Chip: void setCheckedIconResource(int)
androidx.core.view.ViewCompat$Api21Impl: android.graphics.PorterDuff$Mode getBackgroundTintMode(android.view.View)
com.google.android.material.chip.Chip: void setEnsureMinTouchTargetSize(boolean)
androidx.appcompat.widget.AppCompatTextHelper$Api21Impl: java.util.Locale forLanguageTag(java.lang.String)
com.google.android.material.textfield.TextInputEditText: java.lang.CharSequence getHint()
androidx.appcompat.widget.Toolbar: void setNavigationIcon(int)
androidx.appcompat.widget.ViewStubCompat: int getLayoutResource()
androidx.lifecycle.ReportFragment$LifecycleCallbacks: void onActivityResumed(android.app.Activity)
com.google.android.material.card.MaterialCardView: void setBackground(android.graphics.drawable.Drawable)
com.google.android.material.button.MaterialButton: android.text.Layout$Alignment getGravityTextAlignment()
androidx.vectordrawable.graphics.drawable.VectorDrawableCompat$VGroup: void setScaleX(float)
androidx.core.view.ViewCompat$Api31Impl: java.lang.String[] getReceiveContentMimeTypes(android.view.View)
androidx.core.content.ContextCompat$Api16Impl: void startActivity(android.content.Context,android.content.Intent,android.os.Bundle)
com.google.android.material.appbar.AppBarLayout: int getUpNestedPreScrollRange()
androidx.fragment.app.SpecialEffectsController$Operation$State: androidx.fragment.app.SpecialEffectsController$Operation$State valueOf(java.lang.String)
androidx.appcompat.widget.AppCompatImageView: void setSupportBackgroundTintList(android.content.res.ColorStateList)
com.google.android.material.textfield.TextInputLayout: void setStartIconTintMode(android.graphics.PorterDuff$Mode)
androidx.appcompat.app.AppCompatDelegateImpl$Api24Impl: void generateConfigDelta_locale(android.content.res.Configuration,android.content.res.Configuration,android.content.res.Configuration)