app/build/outputs/mapping/release/usage.txt
net.zygotelabs.locker.BuildConfig
net.zygotelabs.locker.MainFragment:
    private static final int DISABLE_PROTECTION_DIALOG_FRAGMENT
    private static final int ENABLE_PROTECTION_DIALOG_FRAGMENT
    protected static final int REQUEST_CODE_ENABLE_ADMIN
net.zygotelabs.locker.R$color
net.zygotelabs.locker.R$drawable
net.zygotelabs.locker.R$id
net.zygotelabs.locker.R$layout
net.zygotelabs.locker.R$menu
net.zygotelabs.locker.R$string
net.zygotelabs.locker.R$style
net.zygotelabs.locker.R$xml
net.zygotelabs.locker.R
net.zygotelabs.locker.utils.NotificationHandler:
    private static final java.lang.String CHANNEL_ID
net.zygotelabs.locker.DeviceAdmin:
    public static void showToast(android.content.Context,java.lang.String)
net.zygotelabs.locker.MainActivity:
    public final net.zygotelabs.locker.MainFragment getMainFragment()
net.zygotelabs.locker.MainFragment:
    public static void disableLockProtection()
    public static void enableLockProtection()
    public static void onCheckBoxClicked()
    public static void onSafeModeCheckBoxClicked()
    public static void showDisableProtectionDialog()
    public static void showEnableProtectionDialog()
    public static void toggleLockProtection()
    public static void updateLockStatus()
net.zygotelabs.locker.utils.DeviceAdminManager
net.zygotelabs.locker.utils.NotificationHandler$$InternalSyntheticApiModelOutline$1$c3a80a3171c719c4d11dc919e26af50cef9f3d23fe4bf681b6f547500dc58e02$0
net.zygotelabs.locker.utils.NotificationHandler$$InternalSyntheticApiModelOutline$1$c3a80a3171c719c4d11dc919e26af50cef9f3d23fe4bf681b6f547500dc58e02$1
net.zygotelabs.locker.utils.NotificationHandler$$InternalSyntheticApiModelOutline$1$c3a80a3171c719c4d11dc919e26af50cef9f3d23fe4bf681b6f547500dc58e02$2
net.zygotelabs.locker.utils.NotificationHandler:
    public void <init>()
    public static void createNotificationChannel()
...
androidx.emoji2.viewsintegration.EmojiInputConnection:
    public final android.text.Editable getEditable()
androidx.emoji2.viewsintegration.EmojiInputFilter$InitCallbackImpl:
    public static boolean isInputFilterCurrentlyRegisteredOnTextView()
androidx.emoji2.viewsintegration.EmojiInputFilter:
    public static androidx.emoji2.text.EmojiCompat$InitCallback getInitCallback()
    public static void updateSelection(android.text.Spannable,int,int)
androidx.emoji2.viewsintegration.EmojiKeyListener$EmojiCompatHandleKeyDownHelper:
    public static boolean handleKeyDown()
androidx.emoji2.viewsintegration.EmojiTextViewHelper$HelperInternal19:
    public static android.text.InputFilter[] addEmojiInputFilterIfMissing()
    public static android.util.SparseArray getEmojiInputFilterPositionArray()
    public static android.text.InputFilter[] removeEmojiInputFilterIfPresent()
    public static void setEnabledUnsafe()
    public static android.text.method.TransformationMethod unwrapForDisabled()
    public static void updateFilters()
    public final void updateTransformationMethod()
    public static android.text.method.TransformationMethod wrapForEnabled()
androidx.emoji2.viewsintegration.EmojiTextViewHelper$SkippingHelper19:
    public static boolean skipBecauseEmojiCompatNotInitialized()
androidx.emoji2.viewsintegration.EmojiTextViewHelper:
    public static android.text.InputFilter[] getFilters()
    public static boolean isEnabled()
    public static void setAllCaps()
    public static void setEnabled()
    public static android.text.method.TransformationMethod wrapTransformationMethod()
androidx.emoji2.viewsintegration.EmojiTextWatcher:
    public final int mEmojiReplaceStrategy
    public final int mMaxEmojiCount
    public static androidx.emoji2.text.EmojiCompat$InitCallback getInitCallback()
    public static void setEnabled()
    public static boolean shouldSkipForDisabledOrNotConfigured()
androidx.emoji2.viewsintegration.EmojiTransformationMethod:
    public static android.text.method.TransformationMethod getOriginalTransformationMethod()
androidx.fragment.R$animator
androidx.fragment.R$id
androidx.fragment.R$styleable:
    public static final int[] ColorStateListItem
    public static final int[] FontFamily
    public static final int[] FontFamilyFont
    public static final int FragmentContainerView_android_name
    public static final int FragmentContainerView_android_tag
    public static final int Fragment_android_id
    public static final int Fragment_android_name
    public static final int Fragment_android_tag
    public static final int[] GradientColor
    public static final int[] GradientColorItem
androidx.fragment.app.BackStackRecord:
    public final int commit()
    public final int commitAllowingStateLoss()
    public final void commitNow()
    public final void commitNowAllowingStateLoss()
    public static void dump()
    public static androidx.fragment.app.Fragment expandOps()
    public static java.lang.String getName()
    public final boolean interactsWith(int)
    public final boolean interactsWith(java.util.ArrayList,int,int)
    public static boolean isFragmentPostponed(androidx.fragment.app.FragmentTransaction$Op)
    public static boolean isPostponed()
    public static void runOnCommitRunnables()
    public static void setOnStartPostponedListener()
    public static androidx.fragment.app.Fragment trackAddedFragmentsInPop()
androidx.fragment.app.BackStackState$1:
    public static androidx.fragment.app.BackStackState createFromParcel()
    public static androidx.fragment.app.BackStackState[] newArray()
androidx.fragment.app.BackStackState:
    public static androidx.fragment.app.BackStackRecord instantiate()
androidx.fragment.app.DefaultSpecialEffectsController$10
androidx.fragment.app.DefaultSpecialEffectsController$2:
    public final synthetic androidx.fragment.app.DefaultSpecialEffectsController this$0